{"/Users/jitendrapatel/allicaBank-assignment/allica-bank/src/App.tsx": {"path":"/Users/jitendrapatel/allicaBank-assignment/allica-bank/src/App.tsx","all":false,"statementMap":{"0":{"start":{"line":1,"column":0},"end":{"line":1,"column":19}},"1":{"start":{"line":2,"column":0},"end":{"line":2,"column":89}},"2":{"start":{"line":3,"column":0},"end":{"line":3,"column":71}},"3":{"start":{"line":4,"column":0},"end":{"line":4,"column":76}},"5":{"start":{"line":6,"column":0},"end":{"line":6,"column":25}},"6":{"start":{"line":7,"column":0},"end":{"line":7,"column":10}},"7":{"start":{"line":8,"column":0},"end":{"line":8,"column":55}},"8":{"start":{"line":9,"column":0},"end":{"line":9,"column":89}},"9":{"start":{"line":10,"column":0},"end":{"line":10,"column":49}},"10":{"start":{"line":11,"column":0},"end":{"line":11,"column":18}},"11":{"start":{"line":12,"column":0},"end":{"line":12,"column":13}},"12":{"start":{"line":13,"column":0},"end":{"line":13,"column":10}},"14":{"start":{"line":15,"column":0},"end":{"line":15,"column":2}},"16":{"start":{"line":17,"column":0},"end":{"line":17,"column":36}},"17":{"start":{"line":18,"column":0},"end":{"line":18,"column":3}},"18":{"start":{"line":19,"column":0},"end":{"line":19,"column":14}},"19":{"start":{"line":20,"column":0},"end":{"line":20,"column":27}},"20":{"start":{"line":21,"column":0},"end":{"line":21,"column":15}},"21":{"start":{"line":22,"column":0},"end":{"line":22,"column":7}},"22":{"start":{"line":23,"column":0},"end":{"line":23,"column":20}},"23":{"start":{"line":24,"column":0},"end":{"line":24,"column":55}},"24":{"start":{"line":25,"column":0},"end":{"line":25,"column":8}},"25":{"start":{"line":26,"column":0},"end":{"line":26,"column":7}},"26":{"start":{"line":27,"column":0},"end":{"line":27,"column":27}},"27":{"start":{"line":28,"column":0},"end":{"line":28,"column":39}},"28":{"start":{"line":29,"column":0},"end":{"line":29,"column":8}},"29":{"start":{"line":30,"column":0},"end":{"line":30,"column":7}},"30":{"start":{"line":31,"column":0},"end":{"line":31,"column":31}},"31":{"start":{"line":32,"column":0},"end":{"line":32,"column":42}},"32":{"start":{"line":33,"column":0},"end":{"line":33,"column":8}},"33":{"start":{"line":34,"column":0},"end":{"line":34,"column":6}},"34":{"start":{"line":35,"column":0},"end":{"line":35,"column":4}},"35":{"start":{"line":36,"column":0},"end":{"line":36,"column":3}},"37":{"start":{"line":38,"column":0},"end":{"line":38,"column":16}},"38":{"start":{"line":39,"column":0},"end":{"line":39,"column":44}},"39":{"start":{"line":40,"column":0},"end":{"line":40,"column":1}},"41":{"start":{"line":42,"column":0},"end":{"line":42,"column":19}}},"s":{"0":1,"1":1,"2":1,"3":1,"5":1,"6":1,"7":1,"8":1,"9":1,"10":1,"11":1,"12":1,"14":1,"16":1,"17":1,"18":1,"19":1,"20":1,"21":1,"22":1,"23":1,"24":1,"25":1,"26":1,"27":1,"28":1,"29":1,"30":1,"31":1,"32":1,"33":1,"34":1,"35":1,"37":1,"38":1,"39":1,"41":1},"branchMap":{"0":{"type":"branch","line":6,"loc":{"start":{"line":6,"column":18},"end":{"line":15,"column":2}},"locations":[{"start":{"line":6,"column":18},"end":{"line":15,"column":2}}]},"1":{"type":"branch","line":38,"loc":{"start":{"line":38,"column":0},"end":{"line":40,"column":1}},"locations":[{"start":{"line":38,"column":0},"end":{"line":40,"column":1}}]}},"b":{"0":[1],"1":[1]},"fnMap":{"0":{"name":"AppLayout","decl":{"start":{"line":6,"column":18},"end":{"line":15,"column":2}},"loc":{"start":{"line":6,"column":18},"end":{"line":15,"column":2}},"line":6},"1":{"name":"App","decl":{"start":{"line":38,"column":0},"end":{"line":40,"column":1}},"loc":{"start":{"line":38,"column":0},"end":{"line":40,"column":1}},"line":38}},"f":{"0":1,"1":1}}
,"/Users/jitendrapatel/allicaBank-assignment/allica-bank/src/main.tsx": {"path":"/Users/jitendrapatel/allicaBank-assignment/allica-bank/src/main.tsx","all":true,"statementMap":{"0":{"start":{"line":1,"column":0},"end":{"line":1,"column":35}},"1":{"start":{"line":2,"column":0},"end":{"line":2,"column":46}},"2":{"start":{"line":3,"column":0},"end":{"line":3,"column":60}},"3":{"start":{"line":4,"column":0},"end":{"line":4,"column":44}},"5":{"start":{"line":6,"column":0},"end":{"line":6,"column":21}},"6":{"start":{"line":7,"column":0},"end":{"line":7,"column":28}},"8":{"start":{"line":9,"column":0},"end":{"line":9,"column":52}},"9":{"start":{"line":10,"column":0},"end":{"line":10,"column":14}},"10":{"start":{"line":11,"column":0},"end":{"line":11,"column":46}},"11":{"start":{"line":12,"column":0},"end":{"line":12,"column":13}},"12":{"start":{"line":13,"column":0},"end":{"line":13,"column":26}},"13":{"start":{"line":14,"column":0},"end":{"line":14,"column":15}},"14":{"start":{"line":15,"column":0},"end":{"line":15,"column":2}}},"s":{"0":0,"1":0,"2":0,"3":0,"5":0,"6":0,"8":0,"9":0,"10":0,"11":0,"12":0,"13":0,"14":0},"branchMap":{"0":{"type":"branch","line":1,"loc":{"start":{"line":1,"column":363},"end":{"line":15,"column":-271}},"locations":[{"start":{"line":1,"column":363},"end":{"line":15,"column":-271}}]}},"b":{"0":[0]},"fnMap":{"0":{"name":"(empty-report)","decl":{"start":{"line":1,"column":363},"end":{"line":15,"column":-271}},"loc":{"start":{"line":1,"column":363},"end":{"line":15,"column":-271}},"line":1}},"f":{"0":0}}
,"/Users/jitendrapatel/allicaBank-assignment/allica-bank/src/queryClient.ts": {"path":"/Users/jitendrapatel/allicaBank-assignment/allica-bank/src/queryClient.ts","all":false,"statementMap":{"0":{"start":{"line":1,"column":0},"end":{"line":1,"column":52}},"2":{"start":{"line":3,"column":0},"end":{"line":3,"column":45}}},"s":{"0":1,"2":1},"branchMap":{},"b":{},"fnMap":{},"f":{}}
,"/Users/jitendrapatel/allicaBank-assignment/allica-bank/src/features/character/CharacterDetailPage.tsx": {"path":"/Users/jitendrapatel/allicaBank-assignment/allica-bank/src/features/character/CharacterDetailPage.tsx","all":false,"statementMap":{"0":{"start":{"line":1,"column":0},"end":{"line":1,"column":95}},"1":{"start":{"line":2,"column":0},"end":{"line":2,"column":49}},"2":{"start":{"line":3,"column":0},"end":{"line":3,"column":86}},"4":{"start":{"line":5,"column":0},"end":{"line":5,"column":54}},"6":{"start":{"line":7,"column":0},"end":{"line":7,"column":32}},"7":{"start":{"line":8,"column":0},"end":{"line":8,"column":45}},"8":{"start":{"line":9,"column":0},"end":{"line":9,"column":33}},"9":{"start":{"line":10,"column":0},"end":{"line":10,"column":61}},"11":{"start":{"line":12,"column":0},"end":{"line":12,"column":9}},"12":{"start":{"line":13,"column":0},"end":{"line":13,"column":20}},"13":{"start":{"line":14,"column":0},"end":{"line":14,"column":14}},"14":{"start":{"line":15,"column":0},"end":{"line":15,"column":12}},"15":{"start":{"line":16,"column":0},"end":{"line":16,"column":12}},"16":{"start":{"line":17,"column":0},"end":{"line":17,"column":16}},"17":{"start":{"line":18,"column":0},"end":{"line":18,"column":32}},"18":{"start":{"line":19,"column":0},"end":{"line":19,"column":63}},"19":{"start":{"line":20,"column":0},"end":{"line":20,"column":18}},"20":{"start":{"line":21,"column":0},"end":{"line":21,"column":29}},"21":{"start":{"line":22,"column":0},"end":{"line":22,"column":5}},"22":{"start":{"line":23,"column":0},"end":{"line":23,"column":90}},"23":{"start":{"line":24,"column":0},"end":{"line":24,"column":9}},"24":{"start":{"line":25,"column":0},"end":{"line":25,"column":17}},"25":{"start":{"line":26,"column":0},"end":{"line":26,"column":31}},"26":{"start":{"line":27,"column":0},"end":{"line":27,"column":27}},"27":{"start":{"line":28,"column":0},"end":{"line":28,"column":16}},"28":{"start":{"line":29,"column":0},"end":{"line":29,"column":47}},"29":{"start":{"line":30,"column":0},"end":{"line":30,"column":71}},"30":{"start":{"line":31,"column":0},"end":{"line":31,"column":36}},"31":{"start":{"line":32,"column":0},"end":{"line":32,"column":24}},"32":{"start":{"line":33,"column":0},"end":{"line":33,"column":5}},"34":{"start":{"line":35,"column":0},"end":{"line":35,"column":9}},"35":{"start":{"line":36,"column":0},"end":{"line":36,"column":21}},"36":{"start":{"line":37,"column":0},"end":{"line":37,"column":30}},"37":{"start":{"line":38,"column":0},"end":{"line":38,"column":26}},"38":{"start":{"line":39,"column":0},"end":{"line":39,"column":16}},"39":{"start":{"line":40,"column":0},"end":{"line":40,"column":24}},"40":{"start":{"line":41,"column":0},"end":{"line":41,"column":36}},"41":{"start":{"line":42,"column":0},"end":{"line":42,"column":51}},"42":{"start":{"line":43,"column":0},"end":{"line":43,"column":93}},"43":{"start":{"line":44,"column":0},"end":{"line":44,"column":6}},"44":{"start":{"line":45,"column":0},"end":{"line":45,"column":30}},"45":{"start":{"line":46,"column":0},"end":{"line":46,"column":30}},"46":{"start":{"line":47,"column":0},"end":{"line":47,"column":5}},"48":{"start":{"line":49,"column":0},"end":{"line":49,"column":16}},"49":{"start":{"line":50,"column":0},"end":{"line":50,"column":12}},"50":{"start":{"line":51,"column":0},"end":{"line":51,"column":40}},"51":{"start":{"line":52,"column":0},"end":{"line":52,"column":37}},"52":{"start":{"line":53,"column":0},"end":{"line":53,"column":78}},"54":{"start":{"line":55,"column":0},"end":{"line":55,"column":17}},"55":{"start":{"line":56,"column":0},"end":{"line":56,"column":12}},"57":{"start":{"line":58,"column":0},"end":{"line":58,"column":3}},"59":{"start":{"line":60,"column":0},"end":{"line":60,"column":10}},"60":{"start":{"line":61,"column":0},"end":{"line":61,"column":36}},"61":{"start":{"line":62,"column":0},"end":{"line":62,"column":13}},"62":{"start":{"line":63,"column":0},"end":{"line":63,"column":102}},"63":{"start":{"line":64,"column":0},"end":{"line":64,"column":71}},"64":{"start":{"line":65,"column":0},"end":{"line":65,"column":7}},"66":{"start":{"line":67,"column":0},"end":{"line":67,"column":15}},"67":{"start":{"line":68,"column":0},"end":{"line":68,"column":13}},"68":{"start":{"line":69,"column":0},"end":{"line":69,"column":28}},"69":{"start":{"line":70,"column":0},"end":{"line":70,"column":33}},"70":{"start":{"line":71,"column":0},"end":{"line":71,"column":132}},"71":{"start":{"line":72,"column":0},"end":{"line":72,"column":44}},"73":{"start":{"line":74,"column":0},"end":{"line":74,"column":43}},"74":{"start":{"line":75,"column":0},"end":{"line":75,"column":15}},"75":{"start":{"line":76,"column":0},"end":{"line":76,"column":20}},"76":{"start":{"line":77,"column":0},"end":{"line":77,"column":73}},"78":{"start":{"line":79,"column":0},"end":{"line":79,"column":10}},"79":{"start":{"line":80,"column":0},"end":{"line":80,"column":67}},"81":{"start":{"line":82,"column":0},"end":{"line":82,"column":72}},"82":{"start":{"line":83,"column":0},"end":{"line":83,"column":15}},"83":{"start":{"line":84,"column":0},"end":{"line":84,"column":58}},"84":{"start":{"line":85,"column":0},"end":{"line":85,"column":16}},"85":{"start":{"line":86,"column":0},"end":{"line":86,"column":15}},"86":{"start":{"line":87,"column":0},"end":{"line":87,"column":66}},"87":{"start":{"line":88,"column":0},"end":{"line":88,"column":16}},"88":{"start":{"line":89,"column":0},"end":{"line":89,"column":15}},"89":{"start":{"line":90,"column":0},"end":{"line":90,"column":64}},"90":{"start":{"line":91,"column":0},"end":{"line":91,"column":16}},"91":{"start":{"line":92,"column":0},"end":{"line":92,"column":15}},"92":{"start":{"line":93,"column":0},"end":{"line":93,"column":48}},"93":{"start":{"line":94,"column":0},"end":{"line":94,"column":98}},"94":{"start":{"line":95,"column":0},"end":{"line":95,"column":16}},"95":{"start":{"line":96,"column":0},"end":{"line":96,"column":16}},"96":{"start":{"line":97,"column":0},"end":{"line":97,"column":11}},"99":{"start":{"line":100,"column":0},"end":{"line":100,"column":11}},"100":{"start":{"line":101,"column":0},"end":{"line":101,"column":66}},"101":{"start":{"line":102,"column":0},"end":{"line":102,"column":27}},"102":{"start":{"line":103,"column":0},"end":{"line":103,"column":33}},"103":{"start":{"line":104,"column":0},"end":{"line":104,"column":28}},"104":{"start":{"line":105,"column":0},"end":{"line":105,"column":63}},"105":{"start":{"line":106,"column":0},"end":{"line":106,"column":34}},"106":{"start":{"line":107,"column":0},"end":{"line":107,"column":51}},"108":{"start":{"line":109,"column":0},"end":{"line":109,"column":56}},"109":{"start":{"line":110,"column":0},"end":{"line":110,"column":46}},"110":{"start":{"line":111,"column":0},"end":{"line":111,"column":33}},"111":{"start":{"line":112,"column":0},"end":{"line":112,"column":50}},"112":{"start":{"line":113,"column":0},"end":{"line":113,"column":19}},"113":{"start":{"line":114,"column":0},"end":{"line":114,"column":15}},"114":{"start":{"line":115,"column":0},"end":{"line":115,"column":15}},"116":{"start":{"line":117,"column":0},"end":{"line":117,"column":12}},"117":{"start":{"line":118,"column":0},"end":{"line":118,"column":10}},"119":{"start":{"line":120,"column":0},"end":{"line":120,"column":1}},"121":{"start":{"line":122,"column":0},"end":{"line":122,"column":35}}},"s":{"0":1,"1":1,"2":1,"4":1,"6":12,"7":12,"8":12,"9":12,"11":12,"12":12,"13":12,"14":12,"15":12,"16":12,"17":12,"18":12,"19":12,"20":12,"21":12,"22":12,"23":12,"24":12,"25":12,"26":12,"27":12,"28":12,"29":12,"30":12,"31":12,"32":12,"34":12,"35":12,"36":12,"37":12,"38":12,"39":12,"40":12,"41":2,"42":2,"43":2,"44":12,"45":12,"46":12,"48":12,"49":0,"50":0,"51":0,"52":0,"54":0,"55":0,"57":0,"59":12,"60":12,"61":12,"62":12,"63":12,"64":12,"66":12,"67":12,"68":12,"69":12,"70":12,"71":12,"73":12,"74":12,"75":12,"76":6,"78":6,"79":6,"81":6,"82":6,"83":6,"84":6,"85":6,"86":6,"87":6,"88":6,"89":6,"90":6,"91":6,"92":6,"93":6,"94":6,"95":6,"96":6,"99":12,"100":12,"101":12,"102":2,"103":10,"104":0,"105":10,"106":6,"108":4,"109":4,"110":8,"111":8,"112":8,"113":4,"114":4,"116":12,"117":12,"119":12,"121":1},"branchMap":{"0":{"type":"branch","line":7,"loc":{"start":{"line":7,"column":0},"end":{"line":120,"column":1}},"locations":[{"start":{"line":7,"column":0},"end":{"line":120,"column":1}}]},"1":{"type":"branch","line":29,"loc":{"start":{"line":29,"column":25},"end":{"line":29,"column":45}},"locations":[{"start":{"line":29,"column":25},"end":{"line":29,"column":45}}]},"2":{"type":"branch","line":31,"loc":{"start":{"line":31,"column":15},"end":{"line":31,"column":36}},"locations":[{"start":{"line":31,"column":15},"end":{"line":31,"column":36}}]},"3":{"type":"branch","line":45,"loc":{"start":{"line":45,"column":15},"end":{"line":45,"column":30}},"locations":[{"start":{"line":45,"column":15},"end":{"line":45,"column":30}}]},"4":{"type":"branch","line":49,"loc":{"start":{"line":49,"column":15},"end":{"line":58,"column":3}},"locations":[{"start":{"line":49,"column":15},"end":{"line":58,"column":3}}]},"5":{"type":"branch","line":71,"loc":{"start":{"line":71,"column":35},"end":{"line":71,"column":69}},"locations":[{"start":{"line":71,"column":35},"end":{"line":71,"column":69}}]},"6":{"type":"branch","line":71,"loc":{"start":{"line":71,"column":49},"end":{"line":71,"column":84}},"locations":[{"start":{"line":71,"column":49},"end":{"line":71,"column":84}}]},"7":{"type":"branch","line":74,"loc":{"start":{"line":74,"column":9},"end":{"line":74,"column":29}},"locations":[{"start":{"line":74,"column":9},"end":{"line":74,"column":29}}]},"8":{"type":"branch","line":74,"loc":{"start":{"line":74,"column":23},"end":{"line":74,"column":33}},"locations":[{"start":{"line":74,"column":23},"end":{"line":74,"column":33}}]},"9":{"type":"branch","line":76,"loc":{"start":{"line":76,"column":7},"end":{"line":77,"column":73}},"locations":[{"start":{"line":76,"column":7},"end":{"line":77,"column":73}}]},"10":{"type":"branch","line":77,"loc":{"start":{"line":77,"column":67},"end":{"line":97,"column":11}},"locations":[{"start":{"line":77,"column":67},"end":{"line":97,"column":11}}]},"11":{"type":"branch","line":94,"loc":{"start":{"line":94,"column":15},"end":{"line":94,"column":48}},"locations":[{"start":{"line":94,"column":15},"end":{"line":94,"column":48}}]},"12":{"type":"branch","line":94,"loc":{"start":{"line":94,"column":33},"end":{"line":94,"column":98}},"locations":[{"start":{"line":94,"column":33},"end":{"line":94,"column":98}}]},"13":{"type":"branch","line":94,"loc":{"start":{"line":94,"column":48},"end":{"line":94,"column":77}},"locations":[{"start":{"line":94,"column":48},"end":{"line":94,"column":77}}]},"14":{"type":"branch","line":94,"loc":{"start":{"line":94,"column":85},"end":{"line":94,"column":98}},"locations":[{"start":{"line":94,"column":85},"end":{"line":94,"column":98}}]},"15":{"type":"branch","line":102,"loc":{"start":{"line":102,"column":9},"end":{"line":103,"column":33}},"locations":[{"start":{"line":102,"column":9},"end":{"line":103,"column":33}}]},"16":{"type":"branch","line":103,"loc":{"start":{"line":103,"column":29},"end":{"line":115,"column":15}},"locations":[{"start":{"line":103,"column":29},"end":{"line":115,"column":15}}]},"17":{"type":"branch","line":104,"loc":{"start":{"line":104,"column":12},"end":{"line":105,"column":63}},"locations":[{"start":{"line":104,"column":12},"end":{"line":105,"column":63}}]},"18":{"type":"branch","line":106,"loc":{"start":{"line":106,"column":29},"end":{"line":107,"column":51}},"locations":[{"start":{"line":106,"column":29},"end":{"line":107,"column":51}}]},"19":{"type":"branch","line":107,"loc":{"start":{"line":107,"column":47},"end":{"line":115,"column":15}},"locations":[{"start":{"line":107,"column":47},"end":{"line":115,"column":15}}]},"20":{"type":"branch","line":19,"loc":{"start":{"line":19,"column":13},"end":{"line":19,"column":63}},"locations":[{"start":{"line":19,"column":13},"end":{"line":19,"column":63}}]},"21":{"type":"branch","line":30,"loc":{"start":{"line":30,"column":13},"end":{"line":30,"column":71}},"locations":[{"start":{"line":30,"column":13},"end":{"line":30,"column":71}}]},"22":{"type":"branch","line":41,"loc":{"start":{"line":41,"column":13},"end":{"line":44,"column":6}},"locations":[{"start":{"line":41,"column":13},"end":{"line":44,"column":6}}]},"23":{"type":"branch","line":43,"loc":{"start":{"line":43,"column":29},"end":{"line":43,"column":91}},"locations":[{"start":{"line":43,"column":29},"end":{"line":43,"column":91}}]},"24":{"type":"branch","line":110,"loc":{"start":{"line":110,"column":23},"end":{"line":113,"column":19}},"locations":[{"start":{"line":110,"column":23},"end":{"line":113,"column":19}}]}},"b":{"0":[12],"1":[6],"2":[6],"3":[6],"4":[0],"5":[1],"6":[11],"7":[1],"8":[11],"9":[6],"10":[6],"11":[2],"12":[4],"13":[0],"14":[0],"15":[2],"16":[10],"17":[0],"18":[6],"19":[4],"20":[3],"21":[2],"22":[2],"23":[4],"24":[8]},"fnMap":{"0":{"name":"CharacterDetailPage","decl":{"start":{"line":7,"column":0},"end":{"line":120,"column":1}},"loc":{"start":{"line":7,"column":0},"end":{"line":120,"column":1}},"line":7},"1":{"name":"queryFn","decl":{"start":{"line":19,"column":13},"end":{"line":19,"column":63}},"loc":{"start":{"line":19,"column":13},"end":{"line":19,"column":63}},"line":19},"2":{"name":"queryFn","decl":{"start":{"line":30,"column":13},"end":{"line":30,"column":71}},"loc":{"start":{"line":30,"column":13},"end":{"line":30,"column":71}},"line":30},"3":{"name":"queryFn","decl":{"start":{"line":41,"column":13},"end":{"line":44,"column":6}},"loc":{"start":{"line":41,"column":13},"end":{"line":44,"column":6}},"line":41},"4":{"name":"onClick","decl":{"start":{"line":53,"column":25},"end":{"line":53,"column":42}},"loc":{"start":{"line":53,"column":25},"end":{"line":53,"column":42}},"line":53},"5":{"name":"onClick","decl":{"start":{"line":63,"column":17},"end":{"line":63,"column":102}},"loc":{"start":{"line":63,"column":17},"end":{"line":63,"column":102}},"line":63}},"f":{"0":12,"1":3,"2":2,"3":2,"4":0,"5":0}}
,"/Users/jitendrapatel/allicaBank-assignment/allica-bank/src/features/character/CharacterListPage.tsx": {"path":"/Users/jitendrapatel/allicaBank-assignment/allica-bank/src/features/character/CharacterListPage.tsx","all":false,"statementMap":{"0":{"start":{"line":1,"column":0},"end":{"line":1,"column":41}},"1":{"start":{"line":2,"column":0},"end":{"line":2,"column":49}},"2":{"start":{"line":3,"column":0},"end":{"line":3,"column":66}},"4":{"start":{"line":5,"column":0},"end":{"line":5,"column":45}},"5":{"start":{"line":6,"column":0},"end":{"line":6,"column":57}},"6":{"start":{"line":7,"column":0},"end":{"line":7,"column":54}},"8":{"start":{"line":9,"column":0},"end":{"line":9,"column":21}},"10":{"start":{"line":11,"column":0},"end":{"line":11,"column":88}},"11":{"start":{"line":12,"column":0},"end":{"line":12,"column":72}},"13":{"start":{"line":14,"column":0},"end":{"line":14,"column":43}},"14":{"start":{"line":15,"column":0},"end":{"line":15,"column":40}},"15":{"start":{"line":16,"column":0},"end":{"line":16,"column":47}},"17":{"start":{"line":18,"column":0},"end":{"line":18,"column":9}},"18":{"start":{"line":19,"column":0},"end":{"line":19,"column":17}},"19":{"start":{"line":20,"column":0},"end":{"line":20,"column":31}},"20":{"start":{"line":21,"column":0},"end":{"line":21,"column":27}},"21":{"start":{"line":22,"column":0},"end":{"line":22,"column":16}},"22":{"start":{"line":23,"column":0},"end":{"line":23,"column":36}},"23":{"start":{"line":24,"column":0},"end":{"line":24,"column":61}},"24":{"start":{"line":25,"column":0},"end":{"line":25,"column":25}},"25":{"start":{"line":26,"column":0},"end":{"line":26,"column":24}},"26":{"start":{"line":27,"column":0},"end":{"line":27,"column":5}},"28":{"start":{"line":29,"column":0},"end":{"line":29,"column":36}},"29":{"start":{"line":30,"column":0},"end":{"line":30,"column":18}},"30":{"start":{"line":31,"column":0},"end":{"line":31,"column":19}},"31":{"start":{"line":32,"column":0},"end":{"line":32,"column":17}},"32":{"start":{"line":33,"column":0},"end":{"line":33,"column":34}},"33":{"start":{"line":34,"column":0},"end":{"line":34,"column":16}},"34":{"start":{"line":35,"column":0},"end":{"line":35,"column":32}},"36":{"start":{"line":37,"column":0},"end":{"line":37,"column":10}},"37":{"start":{"line":38,"column":0},"end":{"line":38,"column":37}},"38":{"start":{"line":39,"column":0},"end":{"line":39,"column":72}},"39":{"start":{"line":40,"column":0},"end":{"line":40,"column":96}},"40":{"start":{"line":41,"column":0},"end":{"line":41,"column":16}},"41":{"start":{"line":42,"column":0},"end":{"line":42,"column":15}},"42":{"start":{"line":43,"column":0},"end":{"line":43,"column":11}},"43":{"start":{"line":44,"column":0},"end":{"line":44,"column":92}},"44":{"start":{"line":45,"column":0},"end":{"line":45,"column":89}},"45":{"start":{"line":46,"column":0},"end":{"line":46,"column":9}},"47":{"start":{"line":48,"column":0},"end":{"line":48,"column":2}},"49":{"start":{"line":50,"column":0},"end":{"line":50,"column":36}},"50":{"start":{"line":51,"column":0},"end":{"line":51,"column":60}},"51":{"start":{"line":52,"column":0},"end":{"line":52,"column":55}},"52":{"start":{"line":53,"column":0},"end":{"line":53,"column":50}},"53":{"start":{"line":54,"column":0},"end":{"line":54,"column":55}},"54":{"start":{"line":55,"column":0},"end":{"line":55,"column":70}},"55":{"start":{"line":56,"column":0},"end":{"line":56,"column":41}},"57":{"start":{"line":58,"column":0},"end":{"line":58,"column":64}},"58":{"start":{"line":59,"column":0},"end":{"line":59,"column":66}},"59":{"start":{"line":60,"column":0},"end":{"line":60,"column":4}},"61":{"start":{"line":62,"column":0},"end":{"line":62,"column":58}},"62":{"start":{"line":63,"column":0},"end":{"line":63,"column":43}},"63":{"start":{"line":64,"column":0},"end":{"line":64,"column":78}},"64":{"start":{"line":65,"column":0},"end":{"line":65,"column":29}},"65":{"start":{"line":66,"column":0},"end":{"line":66,"column":33}},"66":{"start":{"line":67,"column":0},"end":{"line":67,"column":5}},"68":{"start":{"line":69,"column":0},"end":{"line":69,"column":39}},"69":{"start":{"line":70,"column":0},"end":{"line":70,"column":32}},"70":{"start":{"line":71,"column":0},"end":{"line":71,"column":29}},"71":{"start":{"line":72,"column":0},"end":{"line":72,"column":6}},"72":{"start":{"line":73,"column":0},"end":{"line":73,"column":4}},"74":{"start":{"line":75,"column":0},"end":{"line":75,"column":74}},"75":{"start":{"line":76,"column":0},"end":{"line":76,"column":31}},"76":{"start":{"line":77,"column":0},"end":{"line":77,"column":23}},"77":{"start":{"line":78,"column":0},"end":{"line":78,"column":39}},"78":{"start":{"line":79,"column":0},"end":{"line":79,"column":4}},"80":{"start":{"line":81,"column":0},"end":{"line":81,"column":49}},"81":{"start":{"line":82,"column":0},"end":{"line":82,"column":34}},"82":{"start":{"line":83,"column":0},"end":{"line":83,"column":4}},"84":{"start":{"line":85,"column":0},"end":{"line":85,"column":52}},"85":{"start":{"line":86,"column":0},"end":{"line":86,"column":73}},"86":{"start":{"line":87,"column":0},"end":{"line":87,"column":41}},"87":{"start":{"line":88,"column":0},"end":{"line":88,"column":46}},"88":{"start":{"line":89,"column":0},"end":{"line":89,"column":49}},"89":{"start":{"line":90,"column":0},"end":{"line":90,"column":4}},"91":{"start":{"line":92,"column":0},"end":{"line":92,"column":10}},"92":{"start":{"line":93,"column":0},"end":{"line":93,"column":35}},"93":{"start":{"line":94,"column":0},"end":{"line":94,"column":35}},"94":{"start":{"line":95,"column":0},"end":{"line":95,"column":14}},"95":{"start":{"line":96,"column":0},"end":{"line":96,"column":21}},"96":{"start":{"line":97,"column":0},"end":{"line":97,"column":48}},"97":{"start":{"line":98,"column":0},"end":{"line":98,"column":47}},"98":{"start":{"line":99,"column":0},"end":{"line":99,"column":28}},"99":{"start":{"line":100,"column":0},"end":{"line":100,"column":39}},"100":{"start":{"line":101,"column":0},"end":{"line":101,"column":72}},"101":{"start":{"line":102,"column":0},"end":{"line":102,"column":10}},"102":{"start":{"line":103,"column":0},"end":{"line":103,"column":67}},"103":{"start":{"line":104,"column":0},"end":{"line":104,"column":16}},"104":{"start":{"line":105,"column":0},"end":{"line":105,"column":27}},"105":{"start":{"line":106,"column":0},"end":{"line":106,"column":40}},"106":{"start":{"line":107,"column":0},"end":{"line":107,"column":67}},"107":{"start":{"line":108,"column":0},"end":{"line":108,"column":12}},"108":{"start":{"line":109,"column":0},"end":{"line":109,"column":63}},"109":{"start":{"line":110,"column":0},"end":{"line":110,"column":16}},"110":{"start":{"line":111,"column":0},"end":{"line":111,"column":12}},"112":{"start":{"line":113,"column":0},"end":{"line":113,"column":18}},"113":{"start":{"line":114,"column":0},"end":{"line":114,"column":106}},"114":{"start":{"line":115,"column":0},"end":{"line":115,"column":75}},"115":{"start":{"line":116,"column":0},"end":{"line":116,"column":17}},"116":{"start":{"line":117,"column":0},"end":{"line":117,"column":37}},"117":{"start":{"line":118,"column":0},"end":{"line":118,"column":98}},"118":{"start":{"line":119,"column":0},"end":{"line":119,"column":11}},"120":{"start":{"line":121,"column":0},"end":{"line":121,"column":19}},"121":{"start":{"line":122,"column":0},"end":{"line":122,"column":14}},"123":{"start":{"line":124,"column":0},"end":{"line":124,"column":10}},"124":{"start":{"line":125,"column":0},"end":{"line":125,"column":26}},"125":{"start":{"line":126,"column":0},"end":{"line":126,"column":49}},"126":{"start":{"line":127,"column":0},"end":{"line":127,"column":21}},"127":{"start":{"line":128,"column":0},"end":{"line":128,"column":137}},"128":{"start":{"line":129,"column":0},"end":{"line":129,"column":79}},"129":{"start":{"line":130,"column":0},"end":{"line":130,"column":16}},"132":{"start":{"line":133,"column":0},"end":{"line":133,"column":91}},"133":{"start":{"line":134,"column":0},"end":{"line":134,"column":53}},"134":{"start":{"line":135,"column":0},"end":{"line":135,"column":45}},"135":{"start":{"line":136,"column":0},"end":{"line":136,"column":20}},"136":{"start":{"line":137,"column":0},"end":{"line":137,"column":49}},"137":{"start":{"line":138,"column":0},"end":{"line":138,"column":23}},"138":{"start":{"line":139,"column":0},"end":{"line":139,"column":34}},"139":{"start":{"line":140,"column":0},"end":{"line":140,"column":87}},"141":{"start":{"line":142,"column":0},"end":{"line":142,"column":30}},"142":{"start":{"line":143,"column":0},"end":{"line":143,"column":25}},"143":{"start":{"line":144,"column":0},"end":{"line":144,"column":21}},"144":{"start":{"line":145,"column":0},"end":{"line":145,"column":21}},"145":{"start":{"line":146,"column":0},"end":{"line":146,"column":22}},"146":{"start":{"line":147,"column":0},"end":{"line":147,"column":42}},"147":{"start":{"line":148,"column":0},"end":{"line":148,"column":39}},"148":{"start":{"line":149,"column":0},"end":{"line":149,"column":60}},"149":{"start":{"line":150,"column":0},"end":{"line":150,"column":73}},"151":{"start":{"line":152,"column":0},"end":{"line":152,"column":61}},"152":{"start":{"line":153,"column":0},"end":{"line":153,"column":79}},"153":{"start":{"line":154,"column":0},"end":{"line":154,"column":22}},"155":{"start":{"line":156,"column":0},"end":{"line":156,"column":33}},"156":{"start":{"line":157,"column":0},"end":{"line":157,"column":22}},"157":{"start":{"line":158,"column":0},"end":{"line":158,"column":98}},"159":{"start":{"line":160,"column":0},"end":{"line":160,"column":25}},"160":{"start":{"line":161,"column":0},"end":{"line":161,"column":23}},"162":{"start":{"line":163,"column":0},"end":{"line":163,"column":48}},"163":{"start":{"line":164,"column":0},"end":{"line":164,"column":77}},"164":{"start":{"line":165,"column":0},"end":{"line":165,"column":20}},"166":{"start":{"line":167,"column":0},"end":{"line":167,"column":22}},"167":{"start":{"line":168,"column":0},"end":{"line":168,"column":20}},"168":{"start":{"line":169,"column":0},"end":{"line":169,"column":16}},"169":{"start":{"line":170,"column":0},"end":{"line":170,"column":11}},"172":{"start":{"line":173,"column":0},"end":{"line":173,"column":19}},"173":{"start":{"line":174,"column":0},"end":{"line":174,"column":64}},"174":{"start":{"line":175,"column":0},"end":{"line":175,"column":17}},"175":{"start":{"line":176,"column":0},"end":{"line":176,"column":54}},"176":{"start":{"line":177,"column":0},"end":{"line":177,"column":38}},"177":{"start":{"line":178,"column":0},"end":{"line":178,"column":127}},"178":{"start":{"line":179,"column":0},"end":{"line":179,"column":11}},"180":{"start":{"line":181,"column":0},"end":{"line":181,"column":19}},"182":{"start":{"line":183,"column":0},"end":{"line":183,"column":17}},"183":{"start":{"line":184,"column":0},"end":{"line":184,"column":54}},"184":{"start":{"line":185,"column":0},"end":{"line":185,"column":34}},"185":{"start":{"line":186,"column":0},"end":{"line":186,"column":127}},"186":{"start":{"line":187,"column":0},"end":{"line":187,"column":11}},"188":{"start":{"line":189,"column":0},"end":{"line":189,"column":19}},"189":{"start":{"line":190,"column":0},"end":{"line":190,"column":14}},"191":{"start":{"line":192,"column":0},"end":{"line":192,"column":10}},"193":{"start":{"line":194,"column":0},"end":{"line":194,"column":2}},"195":{"start":{"line":196,"column":0},"end":{"line":196,"column":30}},"196":{"start":{"line":197,"column":0},"end":{"line":197,"column":10}},"197":{"start":{"line":198,"column":0},"end":{"line":198,"column":32}},"198":{"start":{"line":199,"column":0},"end":{"line":199,"column":65}},"199":{"start":{"line":200,"column":0},"end":{"line":200,"column":23}},"200":{"start":{"line":201,"column":0},"end":{"line":201,"column":10}},"202":{"start":{"line":203,"column":0},"end":{"line":203,"column":1}},"204":{"start":{"line":205,"column":0},"end":{"line":205,"column":33}}},"s":{"0":1,"1":1,"2":1,"4":1,"5":1,"6":1,"8":1,"10":1,"11":50,"13":50,"14":50,"15":50,"17":50,"18":50,"19":50,"20":50,"21":50,"22":50,"23":50,"24":50,"25":50,"26":50,"28":50,"29":8,"30":42,"31":0,"32":42,"33":0,"34":42,"36":50,"37":50,"38":50,"39":50,"40":50,"41":50,"42":50,"43":50,"44":50,"45":50,"47":50,"49":1,"50":61,"51":61,"52":61,"53":61,"54":61,"55":61,"57":61,"58":4,"59":4,"61":61,"62":61,"63":61,"64":61,"65":61,"66":61,"68":61,"69":61,"70":2,"71":61,"72":61,"74":61,"75":33,"76":33,"77":33,"78":33,"80":61,"81":2,"82":2,"84":61,"85":61,"86":23,"87":23,"88":23,"89":23,"91":61,"92":61,"93":61,"94":61,"95":61,"96":61,"97":61,"98":61,"99":61,"100":61,"101":61,"102":61,"103":61,"104":61,"105":61,"106":61,"107":61,"108":61,"109":61,"110":61,"112":61,"113":0,"114":0,"115":0,"116":0,"117":0,"118":0,"120":0,"121":0,"123":61,"124":61,"125":45,"126":45,"127":22,"128":23,"129":45,"132":61,"133":61,"134":61,"135":61,"136":61,"137":183,"138":183,"139":183,"141":183,"142":183,"143":61,"144":61,"145":61,"146":61,"147":61,"148":3,"149":1,"151":2,"152":2,"153":2,"155":58,"156":16,"157":16,"159":16,"160":16,"162":42,"163":42,"164":42,"166":61,"167":61,"168":61,"169":61,"172":61,"173":37,"174":37,"175":37,"176":37,"177":37,"178":37,"180":37,"182":37,"183":37,"184":37,"185":37,"186":37,"188":37,"189":37,"191":61,"193":61,"195":1,"196":1,"197":1,"198":1,"199":1,"200":1,"202":1,"204":1},"branchMap":{"0":{"type":"branch","line":11,"loc":{"start":{"line":11,"column":26},"end":{"line":48,"column":2}},"locations":[{"start":{"line":11,"column":26},"end":{"line":48,"column":2}}]},"1":{"type":"branch","line":16,"loc":{"start":{"line":16,"column":22},"end":{"line":16,"column":44}},"locations":[{"start":{"line":16,"column":22},"end":{"line":16,"column":44}}]},"2":{"type":"branch","line":16,"loc":{"start":{"line":16,"column":39},"end":{"line":16,"column":47}},"locations":[{"start":{"line":16,"column":39},"end":{"line":16,"column":47}}]},"3":{"type":"branch","line":29,"loc":{"start":{"line":29,"column":21},"end":{"line":30,"column":18}},"locations":[{"start":{"line":29,"column":21},"end":{"line":30,"column":18}}]},"4":{"type":"branch","line":30,"loc":{"start":{"line":30,"column":6},"end":{"line":35,"column":32}},"locations":[{"start":{"line":30,"column":6},"end":{"line":35,"column":32}}]},"5":{"type":"branch","line":31,"loc":{"start":{"line":31,"column":6},"end":{"line":32,"column":17}},"locations":[{"start":{"line":31,"column":6},"end":{"line":32,"column":17}}]},"6":{"type":"branch","line":33,"loc":{"start":{"line":33,"column":26},"end":{"line":34,"column":16}},"locations":[{"start":{"line":33,"column":26},"end":{"line":34,"column":16}}]},"7":{"type":"branch","line":35,"loc":{"start":{"line":35,"column":19},"end":{"line":35,"column":32}},"locations":[{"start":{"line":35,"column":19},"end":{"line":35,"column":32}}]},"8":{"type":"branch","line":24,"loc":{"start":{"line":24,"column":13},"end":{"line":24,"column":61}},"locations":[{"start":{"line":24,"column":13},"end":{"line":24,"column":61}}]},"9":{"type":"branch","line":50,"loc":{"start":{"line":50,"column":29},"end":{"line":194,"column":2}},"locations":[{"start":{"line":50,"column":29},"end":{"line":194,"column":2}}]},"10":{"type":"branch","line":52,"loc":{"start":{"line":52,"column":45},"end":{"line":52,"column":53}},"locations":[{"start":{"line":52,"column":45},"end":{"line":52,"column":53}}]},"11":{"type":"branch","line":53,"loc":{"start":{"line":53,"column":42},"end":{"line":53,"column":50}},"locations":[{"start":{"line":53,"column":42},"end":{"line":53,"column":50}}]},"12":{"type":"branch","line":113,"loc":{"start":{"line":113,"column":7},"end":{"line":122,"column":14}},"locations":[{"start":{"line":113,"column":7},"end":{"line":122,"column":14}}]},"13":{"type":"branch","line":125,"loc":{"start":{"line":125,"column":12},"end":{"line":130,"column":16}},"locations":[{"start":{"line":125,"column":12},"end":{"line":130,"column":16}}]},"14":{"type":"branch","line":127,"loc":{"start":{"line":127,"column":15},"end":{"line":128,"column":137}},"locations":[{"start":{"line":127,"column":15},"end":{"line":128,"column":137}}]},"15":{"type":"branch","line":128,"loc":{"start":{"line":128,"column":96},"end":{"line":128,"column":132}},"locations":[{"start":{"line":128,"column":96},"end":{"line":128,"column":132}}]},"16":{"type":"branch","line":128,"loc":{"start":{"line":128,"column":134},"end":{"line":129,"column":79}},"locations":[{"start":{"line":128,"column":134},"end":{"line":129,"column":79}}]},"17":{"type":"branch","line":129,"loc":{"start":{"line":129,"column":59},"end":{"line":129,"column":77}},"locations":[{"start":{"line":129,"column":59},"end":{"line":129,"column":77}}]},"18":{"type":"branch","line":148,"loc":{"start":{"line":148,"column":17},"end":{"line":154,"column":22}},"locations":[{"start":{"line":148,"column":17},"end":{"line":154,"column":22}}]},"19":{"type":"branch","line":149,"loc":{"start":{"line":149,"column":55},"end":{"line":150,"column":73}},"locations":[{"start":{"line":149,"column":55},"end":{"line":150,"column":73}}]},"20":{"type":"branch","line":150,"loc":{"start":{"line":150,"column":69},"end":{"line":154,"column":22}},"locations":[{"start":{"line":150,"column":69},"end":{"line":154,"column":22}}]},"21":{"type":"branch","line":154,"loc":{"start":{"line":154,"column":21},"end":{"line":165,"column":20}},"locations":[{"start":{"line":154,"column":21},"end":{"line":165,"column":20}}]},"22":{"type":"branch","line":156,"loc":{"start":{"line":156,"column":20},"end":{"line":161,"column":23}},"locations":[{"start":{"line":156,"column":20},"end":{"line":161,"column":23}}]},"23":{"type":"branch","line":161,"loc":{"start":{"line":161,"column":18},"end":{"line":165,"column":20}},"locations":[{"start":{"line":161,"column":18},"end":{"line":165,"column":20}}]},"24":{"type":"branch","line":173,"loc":{"start":{"line":173,"column":8},"end":{"line":190,"column":14}},"locations":[{"start":{"line":173,"column":8},"end":{"line":190,"column":14}}]},"25":{"type":"branch","line":177,"loc":{"start":{"line":177,"column":23},"end":{"line":177,"column":38}},"locations":[{"start":{"line":177,"column":23},"end":{"line":177,"column":38}}]},"26":{"type":"branch","line":185,"loc":{"start":{"line":185,"column":23},"end":{"line":185,"column":34}},"locations":[{"start":{"line":185,"column":23},"end":{"line":185,"column":34}}]},"27":{"type":"branch","line":58,"loc":{"start":{"line":58,"column":23},"end":{"line":60,"column":4}},"locations":[{"start":{"line":58,"column":23},"end":{"line":60,"column":4}}]},"28":{"type":"branch","line":64,"loc":{"start":{"line":64,"column":13},"end":{"line":64,"column":78}},"locations":[{"start":{"line":64,"column":13},"end":{"line":64,"column":78}}]},"29":{"type":"branch","line":70,"loc":{"start":{"line":70,"column":12},"end":{"line":72,"column":5}},"locations":[{"start":{"line":70,"column":12},"end":{"line":72,"column":5}}]},"30":{"type":"branch","line":75,"loc":{"start":{"line":75,"column":29},"end":{"line":79,"column":4}},"locations":[{"start":{"line":75,"column":29},"end":{"line":79,"column":4}}]},"31":{"type":"branch","line":81,"loc":{"start":{"line":81,"column":27},"end":{"line":83,"column":4}},"locations":[{"start":{"line":81,"column":27},"end":{"line":83,"column":4}}]},"32":{"type":"branch","line":86,"loc":{"start":{"line":86,"column":28},"end":{"line":90,"column":4}},"locations":[{"start":{"line":86,"column":28},"end":{"line":90,"column":4}}]},"33":{"type":"branch","line":107,"loc":{"start":{"line":107,"column":22},"end":{"line":107,"column":67}},"locations":[{"start":{"line":107,"column":22},"end":{"line":107,"column":67}}]},"34":{"type":"branch","line":107,"loc":{"start":{"line":107,"column":50},"end":{"line":107,"column":65}},"locations":[{"start":{"line":107,"column":50},"end":{"line":107,"column":65}}]},"35":{"type":"branch","line":137,"loc":{"start":{"line":137,"column":36},"end":{"line":143,"column":25}},"locations":[{"start":{"line":137,"column":36},"end":{"line":143,"column":25}}]},"36":{"type":"branch","line":152,"loc":{"start":{"line":152,"column":50},"end":{"line":153,"column":79}},"locations":[{"start":{"line":152,"column":50},"end":{"line":153,"column":79}}]},"37":{"type":"branch","line":163,"loc":{"start":{"line":163,"column":37},"end":{"line":164,"column":77}},"locations":[{"start":{"line":163,"column":37},"end":{"line":164,"column":77}}]},"38":{"type":"branch","line":184,"loc":{"start":{"line":184,"column":21},"end":{"line":184,"column":54}},"locations":[{"start":{"line":184,"column":21},"end":{"line":184,"column":54}}]},"39":{"type":"branch","line":196,"loc":{"start":{"line":196,"column":0},"end":{"line":203,"column":1}},"locations":[{"start":{"line":196,"column":0},"end":{"line":203,"column":1}}]}},"b":{"0":[50],"1":[25],"2":[25],"3":[8],"4":[42],"5":[0],"6":[0],"7":[0],"8":[8],"9":[61],"10":[33],"11":[37],"12":[0],"13":[45],"14":[22],"15":[0],"16":[23],"17":[0],"18":[3],"19":[1],"20":[2],"21":[58],"22":[16],"23":[42],"24":[37],"25":[23],"26":[23],"27":[4],"28":[10],"29":[2],"30":[33],"31":[2],"32":[23],"33":[4],"34":[4],"35":[183],"36":[2],"37":[42],"38":[2],"39":[1]},"fnMap":{"0":{"name":"TableRowCharacter","decl":{"start":{"line":11,"column":26},"end":{"line":48,"column":2}},"loc":{"start":{"line":11,"column":26},"end":{"line":48,"column":2}},"line":11},"1":{"name":"queryFn","decl":{"start":{"line":24,"column":13},"end":{"line":24,"column":61}},"loc":{"start":{"line":24,"column":13},"end":{"line":24,"column":61}},"line":24},"2":{"name":"CharacterList","decl":{"start":{"line":50,"column":29},"end":{"line":194,"column":2}},"loc":{"start":{"line":50,"column":29},"end":{"line":194,"column":2}},"line":50},"3":{"name":"updateParams","decl":{"start":{"line":58,"column":23},"end":{"line":60,"column":4}},"loc":{"start":{"line":58,"column":23},"end":{"line":60,"column":4}},"line":58},"4":{"name":"queryFn","decl":{"start":{"line":64,"column":13},"end":{"line":64,"column":78}},"loc":{"start":{"line":64,"column":13},"end":{"line":64,"column":78}},"line":64},"5":{"name":"handleSearchChange","decl":{"start":{"line":75,"column":29},"end":{"line":79,"column":4}},"loc":{"start":{"line":75,"column":29},"end":{"line":79,"column":4}},"line":75},"6":{"name":"handlePageChange","decl":{"start":{"line":81,"column":27},"end":{"line":83,"column":4}},"loc":{"start":{"line":81,"column":27},"end":{"line":83,"column":4}},"line":81},"7":{"name":"getPaginationInfo","decl":{"start":{"line":86,"column":28},"end":{"line":90,"column":4}},"loc":{"start":{"line":86,"column":28},"end":{"line":90,"column":4}},"line":86},"8":{"name":"onChange","decl":{"start":{"line":107,"column":22},"end":{"line":107,"column":67}},"loc":{"start":{"line":107,"column":22},"end":{"line":107,"column":67}},"line":107},"9":{"name":"onClick","decl":{"start":{"line":117,"column":21},"end":{"line":117,"column":37}},"loc":{"start":{"line":117,"column":21},"end":{"line":117,"column":37}},"line":117},"10":{"name":"onClick","decl":{"start":{"line":176,"column":21},"end":{"line":176,"column":54}},"loc":{"start":{"line":176,"column":21},"end":{"line":176,"column":54}},"line":176},"11":{"name":"onClick","decl":{"start":{"line":184,"column":21},"end":{"line":184,"column":54}},"loc":{"start":{"line":184,"column":21},"end":{"line":184,"column":54}},"line":184},"12":{"name":"CharacterListPage","decl":{"start":{"line":196,"column":0},"end":{"line":203,"column":1}},"loc":{"start":{"line":196,"column":0},"end":{"line":203,"column":1}},"line":196}},"f":{"0":50,"1":8,"2":61,"3":4,"4":10,"5":33,"6":2,"7":23,"8":4,"9":0,"10":0,"11":2,"12":1}}
,"/Users/jitendrapatel/allicaBank-assignment/allica-bank/src/features/character/CharacterService.ts": {"path":"/Users/jitendrapatel/allicaBank-assignment/allica-bank/src/features/character/CharacterService.ts","all":false,"statementMap":{"0":{"start":{"line":1,"column":0},"end":{"line":1,"column":59}},"12":{"start":{"line":13,"column":0},"end":{"line":13,"column":38}},"13":{"start":{"line":14,"column":0},"end":{"line":14,"column":11}},"14":{"start":{"line":15,"column":0},"end":{"line":15,"column":14}},"15":{"start":{"line":16,"column":0},"end":{"line":16,"column":13}},"16":{"start":{"line":17,"column":0},"end":{"line":17,"column":22}},"17":{"start":{"line":18,"column":0},"end":{"line":18,"column":38}},"18":{"start":{"line":19,"column":0},"end":{"line":19,"column":35}},"19":{"start":{"line":20,"column":0},"end":{"line":20,"column":76}},"20":{"start":{"line":21,"column":0},"end":{"line":21,"column":106}},"21":{"start":{"line":22,"column":0},"end":{"line":22,"column":43}},"22":{"start":{"line":23,"column":0},"end":{"line":23,"column":65}},"23":{"start":{"line":24,"column":0},"end":{"line":24,"column":32}},"24":{"start":{"line":25,"column":0},"end":{"line":25,"column":17}},"25":{"start":{"line":26,"column":0},"end":{"line":26,"column":55}},"27":{"start":{"line":28,"column":0},"end":{"line":28,"column":63}},"28":{"start":{"line":29,"column":0},"end":{"line":29,"column":44}},"29":{"start":{"line":30,"column":0},"end":{"line":30,"column":34}},"30":{"start":{"line":31,"column":0},"end":{"line":31,"column":16}},"31":{"start":{"line":32,"column":0},"end":{"line":32,"column":24}},"32":{"start":{"line":33,"column":0},"end":{"line":33,"column":23}},"33":{"start":{"line":34,"column":0},"end":{"line":34,"column":21}},"34":{"start":{"line":35,"column":0},"end":{"line":35,"column":27}},"35":{"start":{"line":36,"column":0},"end":{"line":36,"column":33}},"36":{"start":{"line":37,"column":0},"end":{"line":37,"column":10}},"37":{"start":{"line":38,"column":0},"end":{"line":38,"column":7}},"38":{"start":{"line":39,"column":0},"end":{"line":39,"column":6}},"40":{"start":{"line":41,"column":0},"end":{"line":41,"column":12}},"41":{"start":{"line":42,"column":0},"end":{"line":42,"column":34}},"42":{"start":{"line":43,"column":0},"end":{"line":43,"column":21}},"43":{"start":{"line":44,"column":0},"end":{"line":44,"column":36}},"44":{"start":{"line":45,"column":0},"end":{"line":45,"column":21}},"45":{"start":{"line":46,"column":0},"end":{"line":46,"column":17}},"46":{"start":{"line":47,"column":0},"end":{"line":47,"column":14}},"47":{"start":{"line":48,"column":0},"end":{"line":48,"column":6}},"48":{"start":{"line":49,"column":0},"end":{"line":49,"column":3}},"50":{"start":{"line":51,"column":0},"end":{"line":51,"column":65}},"51":{"start":{"line":52,"column":0},"end":{"line":52,"column":42}},"52":{"start":{"line":53,"column":0},"end":{"line":53,"column":53}},"53":{"start":{"line":54,"column":0},"end":{"line":54,"column":14}},"54":{"start":{"line":55,"column":0},"end":{"line":55,"column":22}},"55":{"start":{"line":56,"column":0},"end":{"line":56,"column":21}},"56":{"start":{"line":57,"column":0},"end":{"line":57,"column":19}},"57":{"start":{"line":58,"column":0},"end":{"line":58,"column":25}},"58":{"start":{"line":59,"column":0},"end":{"line":59,"column":31}},"59":{"start":{"line":60,"column":0},"end":{"line":60,"column":8}},"60":{"start":{"line":61,"column":0},"end":{"line":61,"column":5}},"61":{"start":{"line":62,"column":0},"end":{"line":62,"column":4}},"63":{"start":{"line":64,"column":0},"end":{"line":64,"column":10}},"64":{"start":{"line":65,"column":0},"end":{"line":65,"column":26}},"65":{"start":{"line":66,"column":0},"end":{"line":66,"column":34}},"66":{"start":{"line":67,"column":0},"end":{"line":67,"column":38}},"67":{"start":{"line":68,"column":0},"end":{"line":68,"column":28}},"68":{"start":{"line":69,"column":0},"end":{"line":69,"column":20}},"69":{"start":{"line":70,"column":0},"end":{"line":70,"column":30}},"70":{"start":{"line":71,"column":0},"end":{"line":71,"column":4}},"71":{"start":{"line":72,"column":0},"end":{"line":72,"column":2}},"73":{"start":{"line":74,"column":0},"end":{"line":74,"column":43}},"74":{"start":{"line":75,"column":0},"end":{"line":75,"column":14}},"75":{"start":{"line":76,"column":0},"end":{"line":76,"column":22}},"76":{"start":{"line":77,"column":0},"end":{"line":77,"column":36}},"77":{"start":{"line":78,"column":0},"end":{"line":78,"column":82}},"78":{"start":{"line":79,"column":0},"end":{"line":79,"column":67}},"80":{"start":{"line":81,"column":0},"end":{"line":81,"column":57}},"81":{"start":{"line":82,"column":0},"end":{"line":82,"column":32}},"82":{"start":{"line":83,"column":0},"end":{"line":83,"column":2}},"84":{"start":{"line":85,"column":0},"end":{"line":85,"column":100}},"85":{"start":{"line":86,"column":0},"end":{"line":86,"column":43}},"86":{"start":{"line":87,"column":0},"end":{"line":87,"column":57}},"88":{"start":{"line":89,"column":0},"end":{"line":89,"column":54}},"89":{"start":{"line":90,"column":0},"end":{"line":90,"column":32}},"90":{"start":{"line":91,"column":0},"end":{"line":91,"column":2}},"92":{"start":{"line":93,"column":0},"end":{"line":93,"column":62}},"93":{"start":{"line":94,"column":0},"end":{"line":94,"column":74}},"94":{"start":{"line":95,"column":0},"end":{"line":95,"column":32}},"95":{"start":{"line":96,"column":0},"end":{"line":96,"column":57}},"96":{"start":{"line":97,"column":0},"end":{"line":97,"column":2}},"98":{"start":{"line":99,"column":0},"end":{"line":99,"column":38}},"100":{"start":{"line":101,"column":0},"end":{"line":101,"column":68}},"101":{"start":{"line":102,"column":0},"end":{"line":102,"column":81}},"102":{"start":{"line":103,"column":0},"end":{"line":103,"column":1}},"104":{"start":{"line":105,"column":0},"end":{"line":105,"column":60}},"105":{"start":{"line":106,"column":0},"end":{"line":106,"column":31}},"106":{"start":{"line":107,"column":0},"end":{"line":107,"column":34}},"107":{"start":{"line":108,"column":0},"end":{"line":108,"column":39}},"108":{"start":{"line":109,"column":0},"end":{"line":109,"column":1}},"110":{"start":{"line":111,"column":0},"end":{"line":111,"column":46}},"111":{"start":{"line":112,"column":0},"end":{"line":112,"column":31}},"112":{"start":{"line":113,"column":0},"end":{"line":113,"column":19}},"113":{"start":{"line":114,"column":0},"end":{"line":114,"column":39}},"114":{"start":{"line":115,"column":0},"end":{"line":115,"column":1}},"116":{"start":{"line":117,"column":0},"end":{"line":117,"column":51}},"117":{"start":{"line":118,"column":0},"end":{"line":118,"column":32}},"118":{"start":{"line":119,"column":0},"end":{"line":119,"column":1}}},"s":{"0":1,"12":1,"13":10,"14":10,"15":10,"16":10,"17":10,"18":10,"19":10,"20":10,"21":10,"22":9,"23":9,"24":9,"25":2,"27":2,"28":2,"29":1,"30":1,"31":1,"32":1,"33":1,"34":1,"35":1,"36":1,"37":1,"38":2,"40":2,"41":2,"42":2,"43":2,"44":2,"45":2,"46":2,"47":2,"48":2,"50":7,"51":7,"52":7,"53":7,"54":7,"55":7,"56":7,"57":7,"58":7,"59":7,"60":7,"61":7,"63":7,"64":7,"65":7,"66":7,"67":7,"68":7,"69":7,"70":7,"71":7,"73":1,"74":3,"75":3,"76":3,"77":3,"78":3,"80":2,"81":2,"82":2,"84":1,"85":10,"86":10,"88":8,"89":8,"90":8,"92":1,"93":2,"94":2,"95":2,"96":2,"98":1,"100":1,"101":27,"102":27,"104":1,"105":1,"106":1,"107":1,"108":1,"110":1,"111":1,"112":1,"113":1,"114":1,"116":1,"117":14,"118":14},"branchMap":{"0":{"type":"branch","line":13,"loc":{"start":{"line":13,"column":31},"end":{"line":72,"column":2}},"locations":[{"start":{"line":13,"column":31},"end":{"line":72,"column":2}}]},"1":{"type":"branch","line":20,"loc":{"start":{"line":20,"column":22},"end":{"line":20,"column":73}},"locations":[{"start":{"line":20,"column":22},"end":{"line":20,"column":73}}]},"2":{"type":"branch","line":20,"loc":{"start":{"line":20,"column":68},"end":{"line":20,"column":76}},"locations":[{"start":{"line":20,"column":68},"end":{"line":20,"column":76}}]},"3":{"type":"branch","line":22,"loc":{"start":{"line":22,"column":41},"end":{"line":72,"column":2}},"locations":[{"start":{"line":22,"column":41},"end":{"line":72,"column":2}}]},"4":{"type":"branch","line":23,"loc":{"start":{"line":23,"column":15},"end":{"line":23,"column":65}},"locations":[{"start":{"line":23,"column":15},"end":{"line":23,"column":65}}]},"5":{"type":"branch","line":25,"loc":{"start":{"line":25,"column":16},"end":{"line":49,"column":3}},"locations":[{"start":{"line":25,"column":16},"end":{"line":49,"column":3}}]},"6":{"type":"branch","line":49,"loc":{"start":{"line":49,"column":2},"end":{"line":72,"column":2}},"locations":[{"start":{"line":49,"column":2},"end":{"line":72,"column":2}}]},"7":{"type":"branch","line":29,"loc":{"start":{"line":29,"column":6},"end":{"line":38,"column":7}},"locations":[{"start":{"line":29,"column":6},"end":{"line":38,"column":7}}]},"8":{"type":"branch","line":52,"loc":{"start":{"line":52,"column":4},"end":{"line":61,"column":5}},"locations":[{"start":{"line":52,"column":4},"end":{"line":61,"column":5}}]},"9":{"type":"branch","line":74,"loc":{"start":{"line":74,"column":36},"end":{"line":83,"column":2}},"locations":[{"start":{"line":74,"column":36},"end":{"line":83,"column":2}}]},"10":{"type":"branch","line":78,"loc":{"start":{"line":78,"column":80},"end":{"line":79,"column":21}},"locations":[{"start":{"line":78,"column":80},"end":{"line":79,"column":21}}]},"11":{"type":"branch","line":79,"loc":{"start":{"line":79,"column":15},"end":{"line":79,"column":67}},"locations":[{"start":{"line":79,"column":15},"end":{"line":79,"column":67}}]},"12":{"type":"branch","line":79,"loc":{"start":{"line":79,"column":65},"end":{"line":83,"column":2}},"locations":[{"start":{"line":79,"column":65},"end":{"line":83,"column":2}}]},"13":{"type":"branch","line":85,"loc":{"start":{"line":85,"column":27},"end":{"line":91,"column":2}},"locations":[{"start":{"line":85,"column":27},"end":{"line":91,"column":2}}]},"14":{"type":"branch","line":86,"loc":{"start":{"line":86,"column":41},"end":{"line":87,"column":21}},"locations":[{"start":{"line":86,"column":41},"end":{"line":87,"column":21}}]},"15":{"type":"branch","line":87,"loc":{"start":{"line":87,"column":15},"end":{"line":87,"column":57}},"locations":[{"start":{"line":87,"column":15},"end":{"line":87,"column":57}}]},"16":{"type":"branch","line":87,"loc":{"start":{"line":87,"column":55},"end":{"line":91,"column":2}},"locations":[{"start":{"line":87,"column":55},"end":{"line":91,"column":2}}]},"17":{"type":"branch","line":93,"loc":{"start":{"line":93,"column":29},"end":{"line":97,"column":2}},"locations":[{"start":{"line":93,"column":29},"end":{"line":97,"column":2}}]},"18":{"type":"branch","line":96,"loc":{"start":{"line":96,"column":25},"end":{"line":96,"column":55}},"locations":[{"start":{"line":96,"column":25},"end":{"line":96,"column":55}}]},"19":{"type":"branch","line":101,"loc":{"start":{"line":101,"column":7},"end":{"line":103,"column":1}},"locations":[{"start":{"line":101,"column":7},"end":{"line":103,"column":1}}]},"20":{"type":"branch","line":102,"loc":{"start":{"line":102,"column":73},"end":{"line":102,"column":81}},"locations":[{"start":{"line":102,"column":73},"end":{"line":102,"column":81}}]},"21":{"type":"branch","line":105,"loc":{"start":{"line":105,"column":7},"end":{"line":109,"column":1}},"locations":[{"start":{"line":105,"column":7},"end":{"line":109,"column":1}}]},"22":{"type":"branch","line":111,"loc":{"start":{"line":111,"column":7},"end":{"line":115,"column":1}},"locations":[{"start":{"line":111,"column":7},"end":{"line":115,"column":1}}]},"23":{"type":"branch","line":117,"loc":{"start":{"line":117,"column":7},"end":{"line":119,"column":1}},"locations":[{"start":{"line":117,"column":7},"end":{"line":119,"column":1}}]}},"b":{"0":[10],"1":[2],"2":[8],"3":[9],"4":[0],"5":[2],"6":[7],"7":[1],"8":[7],"9":[3],"10":[2],"11":[0],"12":[2],"13":[10],"14":[8],"15":[0],"16":[8],"17":[2],"18":[4],"19":[27],"20":[20],"21":[1],"22":[1],"23":[14]},"fnMap":{"0":{"name":"fetchCharacters","decl":{"start":{"line":13,"column":31},"end":{"line":72,"column":2}},"loc":{"start":{"line":13,"column":31},"end":{"line":72,"column":2}},"line":13},"1":{"name":"fetchCharacterDetail","decl":{"start":{"line":74,"column":36},"end":{"line":83,"column":2}},"loc":{"start":{"line":74,"column":36},"end":{"line":83,"column":2}},"line":74},"2":{"name":"fetchPlanet","decl":{"start":{"line":85,"column":27},"end":{"line":91,"column":2}},"loc":{"start":{"line":85,"column":27},"end":{"line":91,"column":2}},"line":85},"3":{"name":"fetchAllFilms","decl":{"start":{"line":93,"column":29},"end":{"line":97,"column":2}},"loc":{"start":{"line":93,"column":29},"end":{"line":97,"column":2}},"line":93},"4":{"name":"getFavourites","decl":{"start":{"line":101,"column":7},"end":{"line":103,"column":1}},"loc":{"start":{"line":101,"column":7},"end":{"line":103,"column":1}},"line":101},"5":{"name":"addFavourite","decl":{"start":{"line":105,"column":7},"end":{"line":109,"column":1}},"loc":{"start":{"line":105,"column":7},"end":{"line":109,"column":1}},"line":105},"6":{"name":"removeFavourite","decl":{"start":{"line":111,"column":7},"end":{"line":115,"column":1}},"loc":{"start":{"line":111,"column":7},"end":{"line":115,"column":1}},"line":111},"7":{"name":"isFavourite","decl":{"start":{"line":117,"column":7},"end":{"line":119,"column":1}},"loc":{"start":{"line":117,"column":7},"end":{"line":119,"column":1}},"line":117}},"f":{"0":10,"1":3,"2":10,"3":2,"4":27,"5":1,"6":1,"7":14}}
,"/Users/jitendrapatel/allicaBank-assignment/allica-bank/src/features/character/character.type.ts": {"path":"/Users/jitendrapatel/allicaBank-assignment/allica-bank/src/features/character/character.type.ts","all":true,"statementMap":{},"s":{},"branchMap":{"0":{"type":"branch","line":1,"loc":{"start":{"line":1,"column":1504},"end":{"line":82,"column":1}},"locations":[{"start":{"line":1,"column":1504},"end":{"line":82,"column":1}}]}},"b":{"0":[1]},"fnMap":{"0":{"name":"(empty-report)","decl":{"start":{"line":1,"column":1504},"end":{"line":82,"column":1}},"loc":{"start":{"line":1,"column":1504},"end":{"line":82,"column":1}},"line":1}},"f":{"0":1}}
,"/Users/jitendrapatel/allicaBank-assignment/allica-bank/src/features/character/hooks/useFavourites.tsx": {"path":"/Users/jitendrapatel/allicaBank-assignment/allica-bank/src/features/character/hooks/useFavourites.tsx","all":false,"statementMap":{"2":{"start":{"line":3,"column":0},"end":{"line":3,"column":57}},"3":{"start":{"line":4,"column":0},"end":{"line":4,"column":96}},"5":{"start":{"line":6,"column":0},"end":{"line":6,"column":76}},"6":{"start":{"line":7,"column":0},"end":{"line":7,"column":69}},"7":{"start":{"line":8,"column":0},"end":{"line":8,"column":86}},"9":{"start":{"line":10,"column":0},"end":{"line":10,"column":19}},"10":{"start":{"line":11,"column":0},"end":{"line":11,"column":35}},"11":{"start":{"line":12,"column":0},"end":{"line":12,"column":9}},"13":{"start":{"line":14,"column":0},"end":{"line":14,"column":45}},"14":{"start":{"line":15,"column":0},"end":{"line":15,"column":35}},"15":{"start":{"line":16,"column":0},"end":{"line":16,"column":27}},"16":{"start":{"line":17,"column":0},"end":{"line":17,"column":27}},"17":{"start":{"line":18,"column":0},"end":{"line":18,"column":22}},"18":{"start":{"line":19,"column":0},"end":{"line":19,"column":12}},"19":{"start":{"line":20,"column":0},"end":{"line":20,"column":30}},"20":{"start":{"line":21,"column":0},"end":{"line":21,"column":21}},"21":{"start":{"line":22,"column":0},"end":{"line":22,"column":5}},"22":{"start":{"line":23,"column":0},"end":{"line":23,"column":35}},"23":{"start":{"line":24,"column":0},"end":{"line":24,"column":23}},"25":{"start":{"line":26,"column":0},"end":{"line":26,"column":10}},"26":{"start":{"line":27,"column":0},"end":{"line":27,"column":23}},"27":{"start":{"line":28,"column":0},"end":{"line":28,"column":20}},"28":{"start":{"line":29,"column":0},"end":{"line":29,"column":15}},"29":{"start":{"line":30,"column":0},"end":{"line":30,"column":4}},"30":{"start":{"line":31,"column":0},"end":{"line":31,"column":1}}},"s":{"2":1,"3":1,"5":1,"6":73,"7":73,"9":73,"10":9,"11":73,"13":73,"14":2,"15":2,"16":1,"17":1,"18":1,"19":1,"20":1,"21":1,"22":2,"23":73,"25":73,"26":73,"27":73,"28":73,"29":73,"30":73},"branchMap":{"0":{"type":"branch","line":6,"loc":{"start":{"line":6,"column":7},"end":{"line":31,"column":1}},"locations":[{"start":{"line":6,"column":7},"end":{"line":31,"column":1}}]},"1":{"type":"branch","line":7,"loc":{"start":{"line":7,"column":37},"end":{"line":7,"column":62}},"locations":[{"start":{"line":7,"column":37},"end":{"line":7,"column":62}}]},"2":{"type":"branch","line":7,"loc":{"start":{"line":7,"column":58},"end":{"line":7,"column":67}},"locations":[{"start":{"line":7,"column":58},"end":{"line":7,"column":67}}]},"3":{"type":"branch","line":10,"loc":{"start":{"line":10,"column":12},"end":{"line":12,"column":5}},"locations":[{"start":{"line":10,"column":12},"end":{"line":12,"column":5}}]},"4":{"type":"branch","line":14,"loc":{"start":{"line":14,"column":38},"end":{"line":24,"column":5}},"locations":[{"start":{"line":14,"column":38},"end":{"line":24,"column":5}}]},"5":{"type":"branch","line":15,"loc":{"start":{"line":15,"column":28},"end":{"line":15,"column":35}},"locations":[{"start":{"line":15,"column":28},"end":{"line":15,"column":35}}]},"6":{"type":"branch","line":16,"loc":{"start":{"line":16,"column":26},"end":{"line":22,"column":5}},"locations":[{"start":{"line":16,"column":26},"end":{"line":22,"column":5}}]}},"b":{"0":[73],"1":[12],"2":[61],"3":[9],"4":[2],"5":[0],"6":[1]},"fnMap":{"0":{"name":"useFavourites","decl":{"start":{"line":6,"column":7},"end":{"line":31,"column":1}},"loc":{"start":{"line":6,"column":7},"end":{"line":31,"column":1}},"line":6}},"f":{"0":73}}
,"/Users/jitendrapatel/allicaBank-assignment/allica-bank/src/shared/storage.utils.ts": {"path":"/Users/jitendrapatel/allicaBank-assignment/allica-bank/src/shared/storage.utils.ts","all":false,"statementMap":{"0":{"start":{"line":1,"column":0},"end":{"line":1,"column":27}},"1":{"start":{"line":2,"column":0},"end":{"line":2,"column":33}},"2":{"start":{"line":3,"column":0},"end":{"line":3,"column":9}},"3":{"start":{"line":4,"column":0},"end":{"line":4,"column":41}},"4":{"start":{"line":5,"column":0},"end":{"line":5,"column":38}},"5":{"start":{"line":6,"column":0},"end":{"line":6,"column":19}},"6":{"start":{"line":7,"column":0},"end":{"line":7,"column":68}},"7":{"start":{"line":8,"column":0},"end":{"line":8,"column":5}},"8":{"start":{"line":9,"column":0},"end":{"line":9,"column":4}},"10":{"start":{"line":11,"column":0},"end":{"line":11,"column":33}},"11":{"start":{"line":12,"column":0},"end":{"line":12,"column":43}},"12":{"start":{"line":13,"column":0},"end":{"line":13,"column":27}},"14":{"start":{"line":15,"column":0},"end":{"line":15,"column":9}},"15":{"start":{"line":16,"column":0},"end":{"line":16,"column":35}},"16":{"start":{"line":17,"column":0},"end":{"line":17,"column":19}},"17":{"start":{"line":18,"column":0},"end":{"line":18,"column":71}},"18":{"start":{"line":19,"column":0},"end":{"line":19,"column":18}},"19":{"start":{"line":20,"column":0},"end":{"line":20,"column":5}},"20":{"start":{"line":21,"column":0},"end":{"line":21,"column":4}},"22":{"start":{"line":23,"column":0},"end":{"line":23,"column":23}},"23":{"start":{"line":24,"column":0},"end":{"line":24,"column":9}},"24":{"start":{"line":25,"column":0},"end":{"line":25,"column":35}},"25":{"start":{"line":26,"column":0},"end":{"line":26,"column":19}},"26":{"start":{"line":27,"column":0},"end":{"line":27,"column":71}},"27":{"start":{"line":28,"column":0},"end":{"line":28,"column":5}},"28":{"start":{"line":29,"column":0},"end":{"line":29,"column":4}},"30":{"start":{"line":31,"column":0},"end":{"line":31,"column":11}},"31":{"start":{"line":32,"column":0},"end":{"line":32,"column":9}},"32":{"start":{"line":33,"column":0},"end":{"line":33,"column":27}},"33":{"start":{"line":34,"column":0},"end":{"line":34,"column":19}},"34":{"start":{"line":35,"column":0},"end":{"line":35,"column":57}},"35":{"start":{"line":36,"column":0},"end":{"line":36,"column":5}},"36":{"start":{"line":37,"column":0},"end":{"line":37,"column":4}},"37":{"start":{"line":38,"column":0},"end":{"line":38,"column":2}},"39":{"start":{"line":40,"column":0},"end":{"line":40,"column":33}}},"s":{"0":1,"1":1,"2":2,"3":2,"4":2,"5":2,"6":0,"7":0,"8":2,"10":1,"11":27,"12":27,"14":7,"15":7,"16":26,"17":0,"18":0,"19":0,"20":27,"22":1,"23":0,"24":0,"25":0,"26":0,"27":0,"28":0,"30":1,"31":0,"32":0,"33":0,"34":0,"35":0,"36":0,"37":1,"39":1},"branchMap":{"0":{"type":"branch","line":2,"loc":{"start":{"line":2,"column":2},"end":{"line":9,"column":4}},"locations":[{"start":{"line":2,"column":2},"end":{"line":9,"column":4}}]},"1":{"type":"branch","line":6,"loc":{"start":{"line":6,"column":4},"end":{"line":8,"column":5}},"locations":[{"start":{"line":6,"column":4},"end":{"line":8,"column":5}}]},"2":{"type":"branch","line":11,"loc":{"start":{"line":11,"column":2},"end":{"line":21,"column":4}},"locations":[{"start":{"line":11,"column":2},"end":{"line":21,"column":4}}]},"3":{"type":"branch","line":13,"loc":{"start":{"line":13,"column":15},"end":{"line":20,"column":5}},"locations":[{"start":{"line":13,"column":15},"end":{"line":20,"column":5}}]},"4":{"type":"branch","line":13,"loc":{"start":{"line":13,"column":15},"end":{"line":13,"column":27}},"locations":[{"start":{"line":13,"column":15},"end":{"line":13,"column":27}}]},"5":{"type":"branch","line":13,"loc":{"start":{"line":13,"column":22},"end":{"line":17,"column":13}},"locations":[{"start":{"line":13,"column":22},"end":{"line":17,"column":13}}]},"6":{"type":"branch","line":17,"loc":{"start":{"line":17,"column":4},"end":{"line":20,"column":5}},"locations":[{"start":{"line":17,"column":4},"end":{"line":20,"column":5}}]}},"b":{"0":[2],"1":[0],"2":[27],"3":[26],"4":[20],"5":[7],"6":[0]},"fnMap":{"0":{"name":"set","decl":{"start":{"line":2,"column":2},"end":{"line":9,"column":4}},"loc":{"start":{"line":2,"column":2},"end":{"line":9,"column":4}},"line":2},"1":{"name":"get","decl":{"start":{"line":11,"column":2},"end":{"line":21,"column":4}},"loc":{"start":{"line":11,"column":2},"end":{"line":21,"column":4}},"line":11},"2":{"name":"remove","decl":{"start":{"line":23,"column":2},"end":{"line":29,"column":4}},"loc":{"start":{"line":23,"column":2},"end":{"line":29,"column":4}},"line":23},"3":{"name":"clear","decl":{"start":{"line":31,"column":2},"end":{"line":37,"column":4}},"loc":{"start":{"line":31,"column":2},"end":{"line":37,"column":4}},"line":31}},"f":{"0":2,"1":27,"2":0,"3":0}}
,"/Users/jitendrapatel/allicaBank-assignment/allica-bank/src/shared/utils.ts": {"path":"/Users/jitendrapatel/allicaBank-assignment/allica-bank/src/shared/utils.ts","all":false,"statementMap":{"0":{"start":{"line":1,"column":0},"end":{"line":1,"column":98}},"1":{"start":{"line":2,"column":0},"end":{"line":2,"column":32}},"2":{"start":{"line":3,"column":0},"end":{"line":3,"column":26}},"3":{"start":{"line":4,"column":0},"end":{"line":4,"column":28}},"4":{"start":{"line":5,"column":0},"end":{"line":5,"column":34}},"5":{"start":{"line":6,"column":0},"end":{"line":6,"column":20}},"6":{"start":{"line":7,"column":0},"end":{"line":7,"column":14}},"7":{"start":{"line":8,"column":0},"end":{"line":8,"column":4}},"8":{"start":{"line":9,"column":0},"end":{"line":9,"column":2}}},"s":{"0":1,"1":61,"2":61,"3":33,"4":33,"5":2,"6":33,"7":33,"8":61},"branchMap":{"0":{"type":"branch","line":1,"loc":{"start":{"line":1,"column":23},"end":{"line":9,"column":2}},"locations":[{"start":{"line":1,"column":23},"end":{"line":9,"column":2}}]},"1":{"type":"branch","line":3,"loc":{"start":{"line":3,"column":9},"end":{"line":8,"column":4}},"locations":[{"start":{"line":3,"column":9},"end":{"line":8,"column":4}}]},"2":{"type":"branch","line":5,"loc":{"start":{"line":5,"column":27},"end":{"line":7,"column":7}},"locations":[{"start":{"line":5,"column":27},"end":{"line":7,"column":7}}]}},"b":{"0":[61],"1":[33],"2":[2]},"fnMap":{"0":{"name":"debouse","decl":{"start":{"line":1,"column":23},"end":{"line":9,"column":2}},"loc":{"start":{"line":1,"column":23},"end":{"line":9,"column":2}},"line":1}},"f":{"0":61}}
}
